#
# A fatal error has been detected by the Java Runtime Environment:
#
#  EXCEPTION_ACCESS_VIOLATION (0xc0000005) at pc=0x00007fff2268a3ec, pid=2336, tid=8304
#
# JRE version: OpenJDK Runtime Environment (11.0.8+10) (build 11.0.8+10-b944.6842174)
# Java VM: OpenJDK 64-Bit Server VM (11.0.8+10-b944.6842174, mixed mode, tiered, compressed oops, g1 gc, windows-amd64)
# Problematic frame:
# V  [jvm.dll+0x59a3ec]
#
# No core dump will be written. Minidumps are not enabled by default on client versions of Windows
#
# If you would like to submit a bug report, please visit:
#   https://bugreport.java.com/bugreport/crash.jsp
#

---------------  S U M M A R Y ------------

Command Line: --add-opens=java.base/java.util=ALL-UNNAMED --add-opens=java.base/java.lang=ALL-UNNAMED --add-opens=java.base/java.lang.invoke=ALL-UNNAMED --add-opens=java.prefs/java.util.prefs=ALL-UNNAMED -Xmx2048m -Dfile.encoding=UTF-8 -Duser.country=US -Duser.language=en -Duser.variant org.gradle.launcher.daemon.bootstrap.GradleDaemon 6.7.1

Host: Intel(R) Core(TM) i3-4150 CPU @ 3.50GHz, 4 cores, 7G,  Windows 10 , 64 bit Build 19041 (10.0.19041.1889)
Time: Sat Sep 10 16:32:30 2022 India Standard Time elapsed time: 112 seconds (0d 0h 1m 52s)

---------------  T H R E A D  ---------------

Current thread (0x0000025b76942000):  GCTaskThread "GC Thread#0" [stack: 0x000000a003100000,0x000000a003200000] [id=8304]

Stack: [0x000000a003100000,0x000000a003200000],  sp=0x000000a0031ff900,  free space=1022k
Native frames: (J=compiled Java code, j=interpreted, Vv=VM code, C=native code)
V  [jvm.dll+0x59a3ec]
V  [jvm.dll+0x358695]
V  [jvm.dll+0x2da795]
V  [jvm.dll+0x2dac5c]
V  [jvm.dll+0x7384e0]
V  [jvm.dll+0x6d3895]
V  [jvm.dll+0x5dd4a6]
C  [ucrtbase.dll+0x21bb2]
C  [KERNEL32.DLL+0x17034]
C  [ntdll.dll+0x52651]


siginfo: EXCEPTION_ACCESS_VIOLATION (0xc0000005), reading address 0x0000004000000130


Register to memory mapping:

RIP=0x00007fff2268a3ec jvm.dll
RAX=0x0000025b769407c0 points into unknown readable memory: 00 00 00 00 00 00 00 00
RBX=0x00000000000000c4 is an unknown value
RCX=0x0000000000000008 is an unknown value
RDX=0x0 is NULL
RSP=0x000000a0031ff900 points into unknown readable memory: d8 03 00 00 00 00 00 00
RBP=0x0000025b76937be0 points into unknown readable memory: 40 d3 8d 22 ff 7f 00 00
RSI=0x0000004000000000 is an unknown value
RDI=0x0000000000000620 is an unknown value
R8 =0x0000000000000002 is an unknown value
R9 =0x0 is NULL
R10=0x0 is NULL
R11=0x0000025b16711020 is pointing into metadata
R12=0x0 is NULL
R13=0x0 is NULL
R14=0x0 is NULL
R15=0x00000000000003d8 is an unknown value


Registers:
RAX=0x0000025b769407c0, RBX=0x00000000000000c4, RCX=0x0000000000000008, RDX=0x0000000000000000
RSP=0x000000a0031ff900, RBP=0x0000025b76937be0, RSI=0x0000004000000000, RDI=0x0000000000000620
R8 =0x0000000000000002, R9 =0x0000000000000000, R10=0x0000000000000000, R11=0x0000025b16711020
R12=0x0000000000000000, R13=0x0000000000000000, R14=0x0000000000000000, R15=0x00000000000003d8
RIP=0x00007fff2268a3ec, EFLAGS=0x0000000000010206

Top of Stack: (sp=0x000000a0031ff900)
0x000000a0031ff900:   00000000000003d8 0000025b76937be0
0x000000a0031ff910:   0000025b1b962f58 0000025b769369d0
0x000000a0031ff920:   00007fff2293dcb8 00007fff2244ab67
0x000000a0031ff930:   00000000000003d8 0000000000000000
0x000000a0031ff940:   0000000000000000 0000000000000620
0x000000a0031ff950:   0000025b76937be0 00007fff22448695
0x000000a0031ff960:   0000000000000000 00000000000000c4
0x000000a0031ff970:   0000000100484fe8 0000025b76937fb8
0x000000a0031ff980:   0000025b76937bd0 00007fff223ca795
0x000000a0031ff990:   000000a0036fe7b0 0000025b769369d0
0x000000a0031ff9a0:   000000a0036fe7b0 0000000000000000
0x000000a0031ff9b0:   0000000000000000 0000025b76942000
0x000000a0031ff9c0:   0000025b74858d10 00007fff223cac5c
0x000000a0031ff9d0:   0000000000000000 000000a0036fe6e0
0x000000a0031ff9e0:   0000000000000003 0000025b74858d10
0x000000a0031ff9f0:   00000000000075a3 00007fff228284e0 

Instructions: (pc=0x00007fff2268a3ec)
0x00007fff2268a2ec:   00 00 00 00 48 8b 11 48 89 14 f9 48 83 c1 08 48
0x00007fff2268a2fc:   3b c8 72 f0 0f b6 0b 41 8b ff 0f b6 c1 80 f9 01
0x00007fff2268a30c:   76 2c 3c 0d 75 07 bf 01 00 00 00 eb 21 44 0f b6
0x00007fff2268a31c:   c9 4c 8d 05 1c 36 2b 00 48 8d 0d 2d 36 2b 00 ba
0x00007fff2268a32c:   2d 05 00 00 e8 0b 41 ca ff e8 86 3c 04 00 8d 04
0x00007fff2268a33c:   fd 08 00 00 00 48 63 c8 48 03 d9 48 3b dd 0f 82
0x00007fff2268a34c:   80 fe ff ff eb 3d 85 f6 74 39 48 63 c6 48 8b cb
0x00007fff2268a35c:   49 8b d7 48 8d 04 c5 00 00 00 00 48 2b c8 48 83
0x00007fff2268a36c:   c0 07 48 c1 e8 03 48 3b cb 49 0f 47 c7 48 85 c0
0x00007fff2268a37c:   74 11 66 90 48 ff c2 4c 89 39 48 8d 49 08 48 3b
0x00007fff2268a38c:   d0 72 f1 48 8b 7c 24 40 4c 8b 64 24 48 48 8b 5c
0x00007fff2268a39c:   24 50 48 8b 6c 24 58 48 83 c4 20 41 5f 41 5e 5e
0x00007fff2268a3ac:   c3 cc cc cc 40 55 57 41 54 41 55 41 57 48 83 ec
0x00007fff2268a3bc:   30 44 8b 05 48 70 48 00 65 48 8b 04 25 58 00 00
0x00007fff2268a3cc:   00 48 89 5c 24 68 48 89 74 24 70 48 8b f1 b9 08
0x00007fff2268a3dc:   00 00 00 4a 8b 04 c0 4c 89 74 24 78 44 0f b6 f2
0x00007fff2268a3ec:   83 be 30 01 00 00 00 4c 8b 04 08 49 8b a8 70 02
0x00007fff2268a3fc:   00 00 48 8b 7d 28 4c 8b 7d 10 4c 8b 65 18 4c 8b
0x00007fff2268a40c:   6d 20 48 89 7c 24 60 7e 68 48 8d 8e 38 01 00 00
0x00007fff2268a41c:   e8 af 0c 00 00 48 8b f8 48 85 c0 74 4f 0f 1f 80
0x00007fff2268a42c:   00 00 00 00 48 8b 07 41 0f b6 d6 48 8b cf ff 90
0x00007fff2268a43c:   80 00 00 00 48 8b 07 48 8b cf 48 8b 5f 08 ff 10
0x00007fff2268a44c:   8d 04 c5 d0 fe ff ff 2b c6 03 c3 3b 86 30 01 00
0x00007fff2268a45c:   00 7d 19 48 98 48 8d 8e 38 01 00 00 48 03 c8 e8
0x00007fff2268a46c:   60 0c 00 00 48 8b f8 48 85 c0 75 b8 48 8b 7c 24
0x00007fff2268a47c:   60 48 63 86 34 01 00 00 83 f8 fe 74 35 48 8d 8e
0x00007fff2268a48c:   38 01 00 00 48 03 c8 e8 38 0c 00 00 48 8b c8 48
0x00007fff2268a49c:   8b d8 48 8b 10 ff 52 68 33 c9 84 c0 48 0f 45 cb
0x00007fff2268a4ac:   48 85 c9 74 0d 48 8b 01 41 0f b6 d6 ff 90 80 00
0x00007fff2268a4bc:   00 00 48 8d 05 f3 37 2b 00 44 88 74 24 28 48 8d
0x00007fff2268a4cc:   54 24 20 48 89 44 24 20 48 8b ce e8 a4 fc ff ff
0x00007fff2268a4dc:   49 83 3f 00 4c 8b 74 24 78 48 8b 74 24 70 48 8b 


Stack slot to memory mapping:
stack at sp + 0 slots: 0x00000000000003d8 is an unknown value
stack at sp + 1 slots: 0x0000025b76937be0 points into unknown readable memory: 40 d3 8d 22 ff 7f 00 00
stack at sp + 2 slots: 0x0000025b1b962f58 is pointing into metadata
stack at sp + 3 slots: 0x0000025b769369d0 points into unknown readable memory: 02 00 00 00 00 00 00 00
stack at sp + 4 slots: 0x00007fff2293dcb8 jvm.dll
stack at sp + 5 slots: 0x00007fff2244ab67 jvm.dll
stack at sp + 6 slots: 0x00000000000003d8 is an unknown value
stack at sp + 7 slots: 0x0 is NULL


---------------  P R O C E S S  ---------------

Threads class SMR info:
_java_thread_list=0x0000025b1a377b90, length=133, elements={
0x0000025b7692a800, 0x0000025b7f391800, 0x0000025b7f39b000, 0x0000025b11042800,
0x0000025b7f3a6800, 0x0000025b7f3ab000, 0x0000025b7f3b2000, 0x0000025b7f3b3800,
0x0000025b11174000, 0x0000025b11177800, 0x0000025b124c4000, 0x0000025b1224e800,
0x0000025b122f3800, 0x0000025b11d29000, 0x0000025b11d29800, 0x0000025b12d19800,
0x0000025b11d2b000, 0x0000025b127a1800, 0x0000025b122e5000, 0x0000025b11d9a000,
0x0000025b11d9d000, 0x0000025b11d9f000, 0x0000025b11d9a800, 0x0000025b11d9e000,
0x0000025b11da0800, 0x0000025b11d9f800, 0x0000025b11d9b800, 0x0000025b11d9c800,
0x0000025b135cf800, 0x0000025b135cf000, 0x0000025b135cc800, 0x0000025b135ce000,
0x0000025b135d0800, 0x0000025b135ca800, 0x0000025b135cd000, 0x0000025b135d1800,
0x0000025b135cb800, 0x0000025b135d2000, 0x0000025b135d5800, 0x0000025b135d3000,
0x0000025b135d8800, 0x0000025b135d9800, 0x0000025b135d3800, 0x0000025b135d6000,
0x0000025b135d7000, 0x0000025b135d4800, 0x0000025b135d8000, 0x0000025b12fa4800,
0x0000025b12fa3000, 0x0000025b12fa7000, 0x0000025b12fa2000, 0x0000025b12fa7800,
0x0000025b12fa3800, 0x0000025b15683000, 0x0000025b15682000, 0x0000025b15681800,
0x0000025b15684000, 0x0000025b15684800, 0x0000025b15685800, 0x0000025b15680800,
0x0000025b1568a800, 0x0000025b1568c000, 0x0000025b1568b000, 0x0000025b15689800,
0x0000025b15686800, 0x0000025b1568d000, 0x0000025b15688800, 0x0000025b15688000,
0x0000025b15687000, 0x0000025b1568d800, 0x0000025b1568e800, 0x0000025b1568f800,
0x0000025b11fdf800, 0x0000025b11fde800, 0x0000025b11fdd000, 0x0000025b11fe1000,
0x0000025b11fe0000, 0x0000025b11fdb000, 0x0000025b11fdc000, 0x0000025b11fe1800,
0x0000025b11fe2800, 0x0000025b11fe3800, 0x0000025b11fdd800, 0x0000025b11fe6000,
0x0000025b11fe6800, 0x0000025b11fe7800, 0x0000025b11fe9000, 0x0000025b11fe8800,
0x0000025b11fea000, 0x0000025b11fe4000, 0x0000025b11fe5000, 0x0000025b1340c800,
0x0000025b1340a000, 0x0000025b1340b800, 0x0000025b1340e000, 0x0000025b1340f800,
0x0000025b1340f000, 0x0000025b1340d000, 0x0000025b1340a800, 0x0000025b13413000,
0x0000025b13416000, 0x0000025b13410800, 0x0000025b13412000, 0x0000025b13411000,
0x0000025b13413800, 0x0000025b13415800, 0x0000025b13414800, 0x0000025b13417000,
0x0000025b13417800, 0x0000025b13418800, 0x0000025b12e78800, 0x0000025b12e77000,
0x0000025b12e79800, 0x0000025b12e77800, 0x0000025b12e7b000, 0x0000025b12e7e000,
0x0000025b12e7d800, 0x0000025b12e7a000, 0x0000025b12e7f000, 0x0000025b12e80000,
0x0000025b12e80800, 0x0000025b12e81800, 0x0000025b12e7c000, 0x0000025b12e82800,
0x0000025b12e7c800, 0x0000025b12e83000, 0x0000025b12e85000, 0x0000025b12e84000,
0x0000025b12e85800, 0x0000025b15046800, 0x0000025b15045800, 0x0000025b15047000,
0x0000025b13a6d800
}

Java Threads: ( => current thread )
  0x0000025b7692a800 JavaThread "main" [_thread_blocked, id=11568, stack(0x000000a003000000,0x000000a003100000)]
  0x0000025b7f391800 JavaThread "Reference Handler" daemon [_thread_blocked, id=12884, stack(0x000000a003700000,0x000000a003800000)]
  0x0000025b7f39b000 JavaThread "Finalizer" daemon [_thread_blocked, id=10060, stack(0x000000a003800000,0x000000a003900000)]
  0x0000025b11042800 JavaThread "Signal Dispatcher" daemon [_thread_blocked, id=7648, stack(0x000000a003900000,0x000000a003a00000)]
  0x0000025b7f3a6800 JavaThread "Attach Listener" daemon [_thread_blocked, id=8500, stack(0x000000a003a00000,0x000000a003b00000)]
  0x0000025b7f3ab000 JavaThread "C2 CompilerThread0" daemon [_thread_blocked, id=12280, stack(0x000000a003b00000,0x000000a003c00000)]
  0x0000025b7f3b2000 JavaThread "C1 CompilerThread0" daemon [_thread_blocked, id=13032, stack(0x000000a003c00000,0x000000a003d00000)]
  0x0000025b7f3b3800 JavaThread "Sweeper thread" daemon [_thread_blocked, id=2004, stack(0x000000a003d00000,0x000000a003e00000)]
  0x0000025b11174000 JavaThread "Common-Cleaner" daemon [_thread_blocked, id=6652, stack(0x000000a003e00000,0x000000a003f00000)]
  0x0000025b11177800 JavaThread "Service Thread" daemon [_thread_blocked, id=10996, stack(0x000000a003f00000,0x000000a004000000)]
  0x0000025b124c4000 JavaThread "Daemon health stats" [_thread_blocked, id=8700, stack(0x000000a004300000,0x000000a004400000)]
  0x0000025b1224e800 JavaThread "Incoming local TCP Connector on port 54990" [_thread_in_native, id=11728, stack(0x000000a004600000,0x000000a004700000)]
  0x0000025b122f3800 JavaThread "Daemon periodic checks" [_thread_blocked, id=10920, stack(0x000000a004700000,0x000000a004800000)]
  0x0000025b11d29000 JavaThread "Daemon" [_thread_blocked, id=1964, stack(0x000000a004800000,0x000000a004900000)]
  0x0000025b11d29800 JavaThread "Handler for socket connection from /127.0.0.1:54990 to /127.0.0.1:54991" [_thread_in_native, id=8064, stack(0x000000a004900000,0x000000a004a00000)]
  0x0000025b12d19800 JavaThread "Cancel handler" [_thread_blocked, id=5988, stack(0x000000a004a00000,0x000000a004b00000)]
  0x0000025b11d2b000 JavaThread "Daemon worker" [_thread_blocked, id=9820, stack(0x000000a004b00000,0x000000a004c00000)]
  0x0000025b127a1800 JavaThread "Asynchronous log dispatcher for DefaultDaemonConnection: socket connection from /127.0.0.1:54990 to /127.0.0.1:54991" [_thread_blocked, id=11676, stack(0x000000a004c00000,0x000000a004d00000)]
  0x0000025b122e5000 JavaThread "Thread-8" [_thread_blocked, id=11820, stack(0x000000a004e00000,0x000000a004f00000)]
  0x0000025b11d9a000 JavaThread "Cache worker for file hash cache (C:\Users\CRIMSON\.gradle\caches\6.7.1\fileHashes)" [_thread_blocked, id=9272, stack(0x000000a005000000,0x000000a005100000)]
  0x0000025b11d9d000 JavaThread "File lock request listener" [_thread_in_native, id=10620, stack(0x000000a005100000,0x000000a005200000)]
  0x0000025b11d9f000 JavaThread "Cache worker for journal cache (C:\Users\CRIMSON\.gradle\caches\journal-1)" [_thread_blocked, id=9780, stack(0x000000a005200000,0x000000a005300000)]
  0x0000025b11d9a800 JavaThread "Cache worker for file hash cache (C:\Users\CRIMSON\AndroidStudioProjects\FDLedger\.gradle\6.7.1\fileHashes)" [_thread_blocked, id=5332, stack(0x000000a005300000,0x000000a005400000)]
  0x0000025b11d9e000 JavaThread "jar transforms" [_thread_blocked, id=11016, stack(0x000000a005400000,0x000000a005500000)]
  0x0000025b11da0800 JavaThread "jar transforms Thread 2" [_thread_blocked, id=13168, stack(0x000000a005500000,0x000000a005600000)]
  0x0000025b11d9f800 JavaThread "jar transforms Thread 3" [_thread_blocked, id=11904, stack(0x000000a005600000,0x000000a005700000)]
  0x0000025b11d9b800 JavaThread "jar transforms Thread 4" [_thread_blocked, id=12048, stack(0x000000a005700000,0x000000a005800000)]
  0x0000025b11d9c800 JavaThread "jar transforms Thread 5" [_thread_blocked, id=8176, stack(0x000000a005800000,0x000000a005900000)]
  0x0000025b135cf800 JavaThread "jar transforms Thread 6" [_thread_blocked, id=6684, stack(0x000000a005900000,0x000000a005a00000)]
  0x0000025b135cf000 JavaThread "jar transforms Thread 7" [_thread_blocked, id=3200, stack(0x000000a005a00000,0x000000a005b00000)]
  0x0000025b135cc800 JavaThread "jar transforms Thread 8" [_thread_blocked, id=5832, stack(0x000000a005b00000,0x000000a005c00000)]
  0x0000025b135ce000 JavaThread "jar transforms Thread 9" [_thread_blocked, id=2340, stack(0x000000a005c00000,0x000000a005d00000)]
  0x0000025b135d0800 JavaThread "jar transforms Thread 10" [_thread_blocked, id=7580, stack(0x000000a005d00000,0x000000a005e00000)]
  0x0000025b135ca800 JavaThread "jar transforms Thread 11" [_thread_blocked, id=10212, stack(0x000000a005e00000,0x000000a005f00000)]
  0x0000025b135cd000 JavaThread "jar transforms Thread 12" [_thread_blocked, id=12492, stack(0x000000a005f00000,0x000000a006000000)]
  0x0000025b135d1800 JavaThread "jar transforms Thread 13" [_thread_blocked, id=10884, stack(0x000000a006000000,0x000000a006100000)]
  0x0000025b135cb800 JavaThread "jar transforms Thread 14" [_thread_blocked, id=1296, stack(0x000000a006100000,0x000000a006200000)]
  0x0000025b135d2000 JavaThread "jar transforms Thread 15" [_thread_blocked, id=5056, stack(0x000000a006200000,0x000000a006300000)]
  0x0000025b135d5800 JavaThread "jar transforms Thread 16" [_thread_blocked, id=11000, stack(0x000000a006300000,0x000000a006400000)]
  0x0000025b135d3000 JavaThread "jar transforms Thread 17" [_thread_blocked, id=3504, stack(0x000000a006400000,0x000000a006500000)]
  0x0000025b135d8800 JavaThread "jar transforms Thread 18" [_thread_blocked, id=12704, stack(0x000000a006500000,0x000000a006600000)]
  0x0000025b135d9800 JavaThread "jar transforms Thread 19" [_thread_blocked, id=9604, stack(0x000000a006600000,0x000000a006700000)]
  0x0000025b135d3800 JavaThread "jar transforms Thread 20" [_thread_blocked, id=4376, stack(0x000000a006700000,0x000000a006800000)]
  0x0000025b135d6000 JavaThread "jar transforms Thread 21" [_thread_blocked, id=11284, stack(0x000000a006800000,0x000000a006900000)]
  0x0000025b135d7000 JavaThread "Cache worker for checksums cache (C:\Users\CRIMSON\AndroidStudioProjects\FDLedger\.gradle\checksums)" [_thread_blocked, id=7740, stack(0x000000a006900000,0x000000a006a00000)]
  0x0000025b135d4800 JavaThread "Cache worker for cache directory md-supplier (C:\Users\CRIMSON\.gradle\caches\6.7.1\md-supplier)" [_thread_blocked, id=7704, stack(0x000000a006a00000,0x000000a006b00000)]
  0x0000025b135d8000 JavaThread "Cache worker for cache directory md-rule (C:\Users\CRIMSON\.gradle\caches\6.7.1\md-rule)" [_thread_blocked, id=6312, stack(0x000000a006b00000,0x000000a006c00000)]
  0x0000025b12fa4800 JavaThread "Cache worker for execution history cache (C:\Users\CRIMSON\.gradle\caches\6.7.1\executionHistory)" [_thread_blocked, id=7368, stack(0x000000a006c00000,0x000000a006d00000)]
  0x0000025b12fa3000 JavaThread "Cache worker for file content cache (C:\Users\CRIMSON\.gradle\caches\6.7.1\fileContent)" [_thread_blocked, id=9808, stack(0x000000a006d00000,0x000000a006e00000)]
  0x0000025b12fa7000 JavaThread "Cache worker for Build Output Cleanup Cache (C:\Users\CRIMSON\AndroidStudioProjects\FDLedger\.gradle\buildOutputCleanup)" [_thread_blocked, id=9748, stack(0x000000a006e00000,0x000000a006f00000)]
  0x0000025b12fa2000 JavaThread "Build operations" [_thread_blocked, id=11464, stack(0x000000a002d00000,0x000000a002e00000)]
  0x0000025b12fa7800 JavaThread "Build operations Thread 2" [_thread_blocked, id=8232, stack(0x000000a002e00000,0x000000a002f00000)]
  0x0000025b12fa3800 JavaThread "Build operations Thread 3" [_thread_blocked, id=12636, stack(0x000000a002f00000,0x000000a003000000)]
  0x0000025b15683000 JavaThread "Build operations Thread 4" [_thread_blocked, id=7880, stack(0x000000a004d00000,0x000000a004e00000)]
  0x0000025b15682000 JavaThread "jar transforms Thread 22" [_thread_blocked, id=4224, stack(0x000000a006f00000,0x000000a007000000)]
  0x0000025b15681800 JavaThread "jar transforms Thread 23" [_thread_blocked, id=10176, stack(0x000000a007000000,0x000000a007100000)]
  0x0000025b15684000 JavaThread "jar transforms Thread 24" [_thread_blocked, id=7860, stack(0x000000a007100000,0x000000a007200000)]
  0x0000025b15684800 JavaThread "jar transforms Thread 25" [_thread_blocked, id=1472, stack(0x000000a007200000,0x000000a007300000)]
  0x0000025b15685800 JavaThread "jar transforms Thread 26" [_thread_blocked, id=11360, stack(0x000000a007300000,0x000000a007400000)]
  0x0000025b15680800 JavaThread "jar transforms Thread 27" [_thread_blocked, id=1644, stack(0x000000a007400000,0x000000a007500000)]
  0x0000025b1568a800 JavaThread "jar transforms Thread 28" [_thread_blocked, id=5452, stack(0x000000a007500000,0x000000a007600000)]
  0x0000025b1568c000 JavaThread "jar transforms Thread 29" [_thread_blocked, id=3004, stack(0x000000a007600000,0x000000a007700000)]
  0x0000025b1568b000 JavaThread "jar transforms Thread 30" [_thread_blocked, id=12532, stack(0x000000a007700000,0x000000a007800000)]
  0x0000025b15689800 JavaThread "jar transforms Thread 31" [_thread_blocked, id=9888, stack(0x000000a007800000,0x000000a007900000)]
  0x0000025b15686800 JavaThread "jar transforms Thread 32" [_thread_blocked, id=9036, stack(0x000000a007900000,0x000000a007a00000)]
  0x0000025b1568d000 JavaThread "jar transforms Thread 33" [_thread_blocked, id=12088, stack(0x000000a007a00000,0x000000a007b00000)]
  0x0000025b15688800 JavaThread "jar transforms Thread 34" [_thread_blocked, id=10628, stack(0x000000a007b00000,0x000000a007c00000)]
  0x0000025b15688000 JavaThread "jar transforms Thread 35" [_thread_blocked, id=12964, stack(0x000000a007c00000,0x000000a007d00000)]
  0x0000025b15687000 JavaThread "jar transforms Thread 36" [_thread_blocked, id=2296, stack(0x000000a007d00000,0x000000a007e00000)]
  0x0000025b1568d800 JavaThread "jar transforms Thread 37" [_thread_blocked, id=7372, stack(0x000000a007e00000,0x000000a007f00000)]
  0x0000025b1568e800 JavaThread "jar transforms Thread 38" [_thread_blocked, id=5848, stack(0x000000a007f00000,0x000000a008000000)]
  0x0000025b1568f800 JavaThread "jar transforms Thread 39" [_thread_blocked, id=6560, stack(0x000000a008000000,0x000000a008100000)]
  0x0000025b11fdf800 JavaThread "jar transforms Thread 40" [_thread_blocked, id=1936, stack(0x000000a008100000,0x000000a008200000)]
  0x0000025b11fde800 JavaThread "jar transforms Thread 41" [_thread_blocked, id=7240, stack(0x000000a008200000,0x000000a008300000)]
  0x0000025b11fdd000 JavaThread "jar transforms Thread 42" [_thread_blocked, id=716, stack(0x000000a008300000,0x000000a008400000)]
  0x0000025b11fe1000 JavaThread "jar transforms Thread 43" [_thread_blocked, id=4788, stack(0x000000a008400000,0x000000a008500000)]
  0x0000025b11fe0000 JavaThread "jar transforms Thread 44" [_thread_blocked, id=11004, stack(0x000000a008500000,0x000000a008600000)]
  0x0000025b11fdb000 JavaThread "jar transforms Thread 45" [_thread_blocked, id=10092, stack(0x000000a008600000,0x000000a008700000)]
  0x0000025b11fdc000 JavaThread "jar transforms Thread 46" [_thread_blocked, id=10348, stack(0x000000a008700000,0x000000a008800000)]
  0x0000025b11fe1800 JavaThread "jar transforms Thread 47" [_thread_blocked, id=7492, stack(0x000000a008800000,0x000000a008900000)]
  0x0000025b11fe2800 JavaThread "jar transforms Thread 48" [_thread_blocked, id=9696, stack(0x000000a008900000,0x000000a008a00000)]
  0x0000025b11fe3800 JavaThread "jar transforms Thread 49" [_thread_blocked, id=11144, stack(0x000000a008a00000,0x000000a008b00000)]
  0x0000025b11fdd800 JavaThread "jar transforms Thread 50" [_thread_blocked, id=7420, stack(0x000000a008b00000,0x000000a008c00000)]
  0x0000025b11fe6000 JavaThread "jar transforms Thread 51" [_thread_blocked, id=1628, stack(0x000000a008c00000,0x000000a008d00000)]
  0x0000025b11fe6800 JavaThread "jar transforms Thread 52" [_thread_blocked, id=4052, stack(0x000000a008d00000,0x000000a008e00000)]
  0x0000025b11fe7800 JavaThread "jar transforms Thread 53" [_thread_blocked, id=5324, stack(0x000000a008e00000,0x000000a008f00000)]
  0x0000025b11fe9000 JavaThread "jar transforms Thread 54" [_thread_blocked, id=12016, stack(0x000000a008f00000,0x000000a009000000)]
  0x0000025b11fe8800 JavaThread "jar transforms Thread 55" [_thread_blocked, id=4020, stack(0x000000a009000000,0x000000a009100000)]
  0x0000025b11fea000 JavaThread "jar transforms Thread 56" [_thread_blocked, id=11120, stack(0x000000a009100000,0x000000a009200000)]
  0x0000025b11fe4000 JavaThread "jar transforms Thread 57" [_thread_blocked, id=2552, stack(0x000000a009200000,0x000000a009300000)]
  0x0000025b11fe5000 JavaThread "jar transforms Thread 58" [_thread_blocked, id=8024, stack(0x000000a009300000,0x000000a009400000)]
  0x0000025b1340c800 JavaThread "jar transforms Thread 59" [_thread_blocked, id=11708, stack(0x000000a009400000,0x000000a009500000)]
  0x0000025b1340a000 JavaThread "jar transforms Thread 60" [_thread_blocked, id=7652, stack(0x000000a009500000,0x000000a009600000)]
  0x0000025b1340b800 JavaThread "jar transforms Thread 61" [_thread_blocked, id=6104, stack(0x000000a009600000,0x000000a009700000)]
  0x0000025b1340e000 JavaThread "jar transforms Thread 62" [_thread_blocked, id=8904, stack(0x000000a009700000,0x000000a009800000)]
  0x0000025b1340f800 JavaThread "jar transforms Thread 63" [_thread_blocked, id=7460, stack(0x000000a009800000,0x000000a009900000)]
  0x0000025b1340f000 JavaThread "jar transforms Thread 64" [_thread_blocked, id=7696, stack(0x000000a009900000,0x000000a009a00000)]
  0x0000025b1340d000 JavaThread "jar transforms Thread 65" [_thread_blocked, id=12452, stack(0x000000a009a00000,0x000000a009b00000)]
  0x0000025b1340a800 JavaThread "jar transforms Thread 66" [_thread_blocked, id=8888, stack(0x000000a009b00000,0x000000a009c00000)]
  0x0000025b13413000 JavaThread "jar transforms Thread 67" [_thread_blocked, id=7156, stack(0x000000a009c00000,0x000000a009d00000)]
  0x0000025b13416000 JavaThread "jar transforms Thread 68" [_thread_blocked, id=3588, stack(0x000000a009d00000,0x000000a009e00000)]
  0x0000025b13410800 JavaThread "jar transforms Thread 69" [_thread_blocked, id=5952, stack(0x000000a009e00000,0x000000a009f00000)]
  0x0000025b13412000 JavaThread "jar transforms Thread 70" [_thread_blocked, id=12160, stack(0x000000a009f00000,0x000000a00a000000)]
  0x0000025b13411000 JavaThread "jar transforms Thread 71" [_thread_blocked, id=6368, stack(0x000000a00a000000,0x000000a00a100000)]
  0x0000025b13413800 JavaThread "jar transforms Thread 72" [_thread_blocked, id=9720, stack(0x000000a00a100000,0x000000a00a200000)]
  0x0000025b13415800 JavaThread "jar transforms Thread 73" [_thread_blocked, id=452, stack(0x000000a00a200000,0x000000a00a300000)]
  0x0000025b13414800 JavaThread "jar transforms Thread 74" [_thread_blocked, id=11380, stack(0x000000a00a300000,0x000000a00a400000)]
  0x0000025b13417000 JavaThread "jar transforms Thread 75" [_thread_blocked, id=860, stack(0x000000a00a400000,0x000000a00a500000)]
  0x0000025b13417800 JavaThread "jar transforms Thread 76" [_thread_blocked, id=13012, stack(0x000000a00a500000,0x000000a00a600000)]
  0x0000025b13418800 JavaThread "jar transforms Thread 77" [_thread_blocked, id=2480, stack(0x000000a00a600000,0x000000a00a700000)]
  0x0000025b12e78800 JavaThread "jar transforms Thread 78" [_thread_blocked, id=4292, stack(0x000000a00a700000,0x000000a00a800000)]
  0x0000025b12e77000 JavaThread "jar transforms Thread 79" [_thread_blocked, id=5180, stack(0x000000a00a800000,0x000000a00a900000)]
  0x0000025b12e79800 JavaThread "jar transforms Thread 80" [_thread_blocked, id=8540, stack(0x000000a00a900000,0x000000a00aa00000)]
  0x0000025b12e77800 JavaThread "jar transforms Thread 81" [_thread_blocked, id=3092, stack(0x000000a00aa00000,0x000000a00ab00000)]
  0x0000025b12e7b000 JavaThread "jar transforms Thread 82" [_thread_blocked, id=9968, stack(0x000000a00ab00000,0x000000a00ac00000)]
  0x0000025b12e7e000 JavaThread "jar transforms Thread 83" [_thread_blocked, id=10040, stack(0x000000a00ac00000,0x000000a00ad00000)]
  0x0000025b12e7d800 JavaThread "jar transforms Thread 84" [_thread_blocked, id=12480, stack(0x000000a00ad00000,0x000000a00ae00000)]
  0x0000025b12e7a000 JavaThread "jar transforms Thread 85" [_thread_blocked, id=7264, stack(0x000000a00ae00000,0x000000a00af00000)]
  0x0000025b12e7f000 JavaThread "jar transforms Thread 86" [_thread_blocked, id=3672, stack(0x000000a00af00000,0x000000a00b000000)]
  0x0000025b12e80000 JavaThread "jar transforms Thread 87" [_thread_blocked, id=9460, stack(0x000000a00b000000,0x000000a00b100000)]
  0x0000025b12e80800 JavaThread "jar transforms Thread 88" [_thread_blocked, id=10560, stack(0x000000a00b100000,0x000000a00b200000)]
  0x0000025b12e81800 JavaThread "jar transforms Thread 89" [_thread_blocked, id=10816, stack(0x000000a00b200000,0x000000a00b300000)]
  0x0000025b12e7c000 JavaThread "jar transforms Thread 90" [_thread_blocked, id=11508, stack(0x000000a00b300000,0x000000a00b400000)]
  0x0000025b12e82800 JavaThread "jar transforms Thread 91" [_thread_blocked, id=9540, stack(0x000000a00b400000,0x000000a00b500000)]
  0x0000025b12e7c800 JavaThread "jar transforms Thread 92" [_thread_blocked, id=10804, stack(0x000000a00b500000,0x000000a00b600000)]
  0x0000025b12e83000 JavaThread "jar transforms Thread 93" [_thread_blocked, id=10048, stack(0x000000a00b600000,0x000000a00b700000)]
  0x0000025b12e85000 JavaThread "jar transforms Thread 94" [_thread_blocked, id=1400, stack(0x000000a00b700000,0x000000a00b800000)]
  0x0000025b12e84000 JavaThread "jar transforms Thread 95" [_thread_blocked, id=4312, stack(0x000000a00b800000,0x000000a00b900000)]
  0x0000025b12e85800 JavaThread "jar transforms Thread 96" [_thread_blocked, id=10928, stack(0x000000a00b900000,0x000000a00ba00000)]
  0x0000025b15046800 JavaThread "jar transforms Thread 97" [_thread_blocked, id=4016, stack(0x000000a00ba00000,0x000000a00bb00000)]
  0x0000025b15045800 JavaThread "Memory manager" [_thread_blocked, id=6328, stack(0x000000a00bc00000,0x000000a00bd00000)]
  0x0000025b15047000 JavaThread "pool-3-thread-1" [_thread_blocked, id=12256, stack(0x000000a00bb00000,0x000000a00bc00000)]
  0x0000025b13a6d800 JavaThread "C2 CompilerThread1" daemon [_thread_blocked, id=3308, stack(0x000000a00bd00000,0x000000a00be00000)]

Other Threads:
  0x0000025b7f38b000 VMThread "VM Thread" [stack: 0x000000a003600000,0x000000a003700000] [id=3132]
  0x0000025b11178000 WatcherThread [stack: 0x000000a004000000,0x000000a004100000] [id=9444]
=>0x0000025b76942000 GCTaskThread "GC Thread#0" [stack: 0x000000a003100000,0x000000a003200000] [id=8304]
  0x0000025b1147c000 GCTaskThread "GC Thread#1" [stack: 0x000000a004100000,0x000000a004200000] [id=2912]
  0x0000025b11917000 GCTaskThread "GC Thread#2" [stack: 0x000000a004200000,0x000000a004300000] [id=8812]
  0x0000025b1155d800 GCTaskThread "GC Thread#3" [stack: 0x000000a004f00000,0x000000a005000000] [id=6740]
  0x0000025b76975000 ConcurrentGCThread "G1 Main Marker" [stack: 0x000000a003200000,0x000000a003300000] [id=10768]
  0x0000025b76977800 ConcurrentGCThread "G1 Conc#0" [stack: 0x000000a003300000,0x000000a003400000] [id=8044]
  0x0000025b76a05800 ConcurrentGCThread "G1 Refine#0" [stack: 0x000000a003400000,0x000000a003500000] [id=9816]
  0x0000025b76a08800 ConcurrentGCThread "G1 Young RemSet Sampling" [stack: 0x000000a003500000,0x000000a003600000] [id=3624]

Threads with active compile tasks:

VM state:at safepoint (normal execution)

VM Mutex/Monitor currently owned by a thread:  ([mutex/lock_event])
[0x0000025b7691ef00] Threads_lock - owner thread: 0x0000025b7f38b000
[0x0000025b76927e90] Heap_lock - owner thread: 0x0000025b76975000

Heap address: 0x0000000080000000, size: 2048 MB, Compressed Oops mode: 32-bit
Narrow klass base: 0x0000000000000000, Narrow klass shift: 3
Compressed class space size: 1073741824 Address: 0x0000000100000000

Heap:
 garbage-first heap   total 131072K, used 82913K [0x0000000080000000, 0x0000000100000000)
  region size 1024K, 5 young (5120K), 4 survivors (4096K)
 Metaspace       used 80264K, capacity 82225K, committed 82556K, reserved 1120256K
  class space    used 10502K, capacity 11145K, committed 11264K, reserved 1048576K
Heap Regions: E=young(eden), S=young(survivor), O=old, HS=humongous(starts), HC=humongous(continues), CS=collection set, F=free, A=archive, TAMS=top-at-mark-start (previous, next)
|   0|0x0000000080000000, 0x0000000080100000, 0x0000000080100000|100%| O|  |TAMS 0x0000000080100000, 0x0000000080100000| Untracked 
|   1|0x0000000080100000, 0x0000000080200000, 0x0000000080200000|100%| O|  |TAMS 0x0000000080200000, 0x0000000080200000| Untracked 
|   2|0x0000000080200000, 0x0000000080300000, 0x0000000080300000|100%| O|  |TAMS 0x0000000080300000, 0x0000000080300000| Untracked 
|   3|0x0000000080300000, 0x0000000080400000, 0x0000000080400000|100%|HS|  |TAMS 0x0000000080400000, 0x0000000080400000| Complete 
|   4|0x0000000080400000, 0x0000000080500000, 0x0000000080500000|100%|HC|  |TAMS 0x0000000080500000, 0x0000000080500000| Complete 
|   5|0x0000000080500000, 0x0000000080600000, 0x0000000080600000|100%|HC|  |TAMS 0x0000000080600000, 0x0000000080600000| Complete 
|   6|0x0000000080600000, 0x0000000080700000, 0x0000000080700000|100%| O|  |TAMS 0x0000000080700000, 0x0000000080700000| Untracked 
|   7|0x0000000080700000, 0x0000000080800000, 0x0000000080800000|100%| O|  |TAMS 0x0000000080800000, 0x0000000080800000| Untracked 
|   8|0x0000000080800000, 0x0000000080900000, 0x0000000080900000|100%| O|  |TAMS 0x0000000080900000, 0x0000000080900000| Untracked 
|   9|0x0000000080900000, 0x0000000080a00000, 0x0000000080a00000|100%| O|  |TAMS 0x0000000080a00000, 0x0000000080a00000| Untracked 
|  10|0x0000000080a00000, 0x0000000080b00000, 0x0000000080b00000|100%| O|  |TAMS 0x0000000080b00000, 0x0000000080b00000| Untracked 
|  11|0x0000000080b00000, 0x0000000080c00000, 0x0000000080c00000|100%| O|  |TAMS 0x0000000080c00000, 0x0000000080c00000| Untracked 
|  12|0x0000000080c00000, 0x0000000080d00000, 0x0000000080d00000|100%| O|  |TAMS 0x0000000080d00000, 0x0000000080d00000| Untracked 
|  13|0x0000000080d00000, 0x0000000080e00000, 0x0000000080e00000|100%|HS|  |TAMS 0x0000000080e00000, 0x0000000080e00000| Complete 
|  14|0x0000000080e00000, 0x0000000080f00000, 0x0000000080f00000|100%|HC|  |TAMS 0x0000000080f00000, 0x0000000080f00000| Complete 
|  15|0x0000000080f00000, 0x0000000081000000, 0x0000000081000000|100%|HS|  |TAMS 0x0000000081000000, 0x0000000081000000| Complete 
|  16|0x0000000081000000, 0x0000000081100000, 0x0000000081100000|100%|HC|  |TAMS 0x0000000081100000, 0x0000000081100000| Complete 
|  17|0x0000000081100000, 0x0000000081200000, 0x0000000081200000|100%|HC|  |TAMS 0x0000000081200000, 0x0000000081200000| Complete 
|  18|0x0000000081200000, 0x0000000081300000, 0x0000000081300000|100%|HS|  |TAMS 0x0000000081300000, 0x0000000081300000| Complete 
|  19|0x0000000081300000, 0x0000000081400000, 0x0000000081400000|100%|HC|  |TAMS 0x0000000081400000, 0x0000000081400000| Complete 
|  20|0x0000000081400000, 0x0000000081500000, 0x0000000081500000|100%|HC|  |TAMS 0x0000000081500000, 0x0000000081500000| Complete 
|  21|0x0000000081500000, 0x0000000081600000, 0x0000000081600000|100%|HC|  |TAMS 0x0000000081600000, 0x0000000081600000| Complete 
|  22|0x0000000081600000, 0x0000000081700000, 0x0000000081700000|100%| O|  |TAMS 0x0000000081700000, 0x0000000081700000| Untracked 
|  23|0x0000000081700000, 0x0000000081800000, 0x0000000081800000|100%| O|  |TAMS 0x0000000081800000, 0x0000000081800000| Untracked 
|  24|0x0000000081800000, 0x0000000081900000, 0x0000000081900000|100%| O|  |TAMS 0x0000000081900000, 0x0000000081900000| Untracked 
|  25|0x0000000081900000, 0x0000000081a00000, 0x0000000081a00000|100%| O|  |TAMS 0x0000000081a00000, 0x0000000081a00000| Untracked 
|  26|0x0000000081a00000, 0x0000000081b00000, 0x0000000081b00000|100%| O|  |TAMS 0x0000000081b00000, 0x0000000081b00000| Untracked 
|  27|0x0000000081b00000, 0x0000000081c00000, 0x0000000081c00000|100%| O|  |TAMS 0x0000000081c00000, 0x0000000081c00000| Untracked 
|  28|0x0000000081c00000, 0x0000000081d00000, 0x0000000081d00000|100%| O|  |TAMS 0x0000000081d00000, 0x0000000081d00000| Untracked 
|  29|0x0000000081d00000, 0x0000000081e00000, 0x0000000081e00000|100%| O|  |TAMS 0x0000000081e00000, 0x0000000081e00000| Untracked 
|  30|0x0000000081e00000, 0x0000000081f00000, 0x0000000081f00000|100%| O|  |TAMS 0x0000000081f00000, 0x0000000081f00000| Untracked 
|  31|0x0000000081f00000, 0x0000000082000000, 0x0000000082000000|100%| O|  |TAMS 0x0000000082000000, 0x0000000082000000| Untracked 
|  32|0x0000000082000000, 0x0000000082100000, 0x0000000082100000|100%| O|  |TAMS 0x0000000082100000, 0x0000000082100000| Untracked 
|  33|0x0000000082100000, 0x0000000082200000, 0x0000000082200000|100%| O|  |TAMS 0x0000000082200000, 0x0000000082200000| Untracked 
|  34|0x0000000082200000, 0x0000000082300000, 0x0000000082300000|100%|HS|  |TAMS 0x0000000082300000, 0x0000000082300000| Complete 
|  35|0x0000000082300000, 0x0000000082400000, 0x0000000082400000|100%|HC|  |TAMS 0x0000000082400000, 0x0000000082400000| Complete 
|  36|0x0000000082400000, 0x0000000082500000, 0x0000000082500000|100%|HC|  |TAMS 0x0000000082500000, 0x0000000082500000| Complete 
|  37|0x0000000082500000, 0x0000000082600000, 0x0000000082600000|100%|HC|  |TAMS 0x0000000082600000, 0x0000000082600000| Complete 
|  38|0x0000000082600000, 0x0000000082700000, 0x0000000082700000|100%|HS|  |TAMS 0x0000000082700000, 0x0000000082700000| Complete 
|  39|0x0000000082700000, 0x0000000082800000, 0x0000000082800000|100%|HC|  |TAMS 0x0000000082800000, 0x0000000082800000| Complete 
|  40|0x0000000082800000, 0x0000000082900000, 0x0000000082900000|100%|HC|  |TAMS 0x0000000082900000, 0x0000000082900000| Complete 
|  41|0x0000000082900000, 0x0000000082a00000, 0x0000000082a00000|100%| O|  |TAMS 0x0000000082a00000, 0x0000000082a00000| Untracked 
|  42|0x0000000082a00000, 0x0000000082b00000, 0x0000000082b00000|100%| O|  |TAMS 0x0000000082b00000, 0x0000000082b00000| Untracked 
|  43|0x0000000082b00000, 0x0000000082c00000, 0x0000000082c00000|100%| O|  |TAMS 0x0000000082c00000, 0x0000000082c00000| Untracked 
|  44|0x0000000082c00000, 0x0000000082d00000, 0x0000000082d00000|100%| O|  |TAMS 0x0000000082d00000, 0x0000000082d00000| Untracked 
|  45|0x0000000082d00000, 0x0000000082e00000, 0x0000000082e00000|100%| O|  |TAMS 0x0000000082e00000, 0x0000000082e00000| Untracked 
|  46|0x0000000082e00000, 0x0000000082f00000, 0x0000000082f00000|100%| O|  |TAMS 0x0000000082f00000, 0x0000000082f00000| Untracked 
|  47|0x0000000082f00000, 0x0000000083000000, 0x0000000083000000|100%| O|  |TAMS 0x0000000083000000, 0x0000000083000000| Untracked 
|  48|0x0000000083000000, 0x0000000083100000, 0x0000000083100000|100%|HS|  |TAMS 0x0000000083100000, 0x0000000083100000| Complete 
|  49|0x0000000083100000, 0x0000000083200000, 0x0000000083200000|100%|HS|  |TAMS 0x0000000083200000, 0x0000000083200000| Complete 
|  50|0x0000000083200000, 0x0000000083300000, 0x0000000083300000|100%|HC|  |TAMS 0x0000000083300000, 0x0000000083300000| Complete 
|  51|0x0000000083300000, 0x0000000083400000, 0x0000000083400000|100%| O|  |TAMS 0x0000000083400000, 0x0000000083400000| Untracked 
|  52|0x0000000083400000, 0x0000000083500000, 0x0000000083500000|100%| O|  |TAMS 0x0000000083500000, 0x0000000083500000| Untracked 
|  53|0x0000000083500000, 0x0000000083600000, 0x0000000083600000|100%| O|  |TAMS 0x0000000083600000, 0x0000000083600000| Untracked 
|  54|0x0000000083600000, 0x0000000083700000, 0x0000000083700000|100%| O|  |TAMS 0x0000000083700000, 0x0000000083700000| Untracked 
|  55|0x0000000083700000, 0x0000000083800000, 0x0000000083800000|100%| O|  |TAMS 0x0000000083800000, 0x0000000083800000| Untracked 
|  56|0x0000000083800000, 0x0000000083900000, 0x0000000083900000|100%| O|  |TAMS 0x0000000083900000, 0x0000000083900000| Untracked 
|  57|0x0000000083900000, 0x0000000083a00000, 0x0000000083a00000|100%| O|  |TAMS 0x0000000083a00000, 0x0000000083a00000| Untracked 
|  58|0x0000000083a00000, 0x0000000083b00000, 0x0000000083b00000|100%| O|  |TAMS 0x0000000083b00000, 0x0000000083b00000| Untracked 
|  59|0x0000000083b00000, 0x0000000083c00000, 0x0000000083c00000|100%| O|  |TAMS 0x0000000083c00000, 0x0000000083c00000| Untracked 
|  60|0x0000000083c00000, 0x0000000083d00000, 0x0000000083d00000|100%| O|  |TAMS 0x0000000083d00000, 0x0000000083d00000| Untracked 
|  61|0x0000000083d00000, 0x0000000083e00000, 0x0000000083e00000|100%| O|  |TAMS 0x0000000083e00000, 0x0000000083e00000| Untracked 
|  62|0x0000000083e00000, 0x0000000083f00000, 0x0000000083f00000|100%| O|  |TAMS 0x0000000083f00000, 0x0000000083f00000| Untracked 
|  63|0x0000000083f00000, 0x0000000084000000, 0x0000000084000000|100%| O|  |TAMS 0x0000000084000000, 0x0000000084000000| Untracked 
|  64|0x0000000084000000, 0x0000000084100000, 0x0000000084100000|100%| O|  |TAMS 0x0000000084100000, 0x0000000084100000| Untracked 
|  65|0x0000000084100000, 0x0000000084200000, 0x0000000084200000|100%| O|  |TAMS 0x0000000084200000, 0x0000000084200000| Untracked 
|  66|0x0000000084200000, 0x0000000084300000, 0x0000000084300000|100%| O|  |TAMS 0x0000000084300000, 0x0000000084300000| Untracked 
|  67|0x0000000084300000, 0x0000000084400000, 0x0000000084400000|100%| O|  |TAMS 0x0000000084400000, 0x0000000084400000| Untracked 
|  68|0x0000000084400000, 0x0000000084500000, 0x0000000084500000|100%| O|  |TAMS 0x0000000084500000, 0x0000000084500000| Untracked 
|  69|0x0000000084500000, 0x0000000084600000, 0x0000000084600000|100%| O|  |TAMS 0x0000000084600000, 0x0000000084600000| Untracked 
|  70|0x0000000084600000, 0x0000000084700000, 0x0000000084700000|100%| O|  |TAMS 0x0000000084700000, 0x0000000084700000| Untracked 
|  71|0x0000000084700000, 0x0000000084800000, 0x0000000084800000|100%| O|  |TAMS 0x0000000084800000, 0x0000000084800000| Untracked 
|  72|0x0000000084800000, 0x0000000084900000, 0x0000000084900000|100%| O|  |TAMS 0x0000000084900000, 0x0000000084900000| Untracked 
|  73|0x0000000084900000, 0x0000000084a00000, 0x0000000084a00000|100%| O|  |TAMS 0x00000000849fb200, 0x0000000084a00000| Untracked 
|  74|0x0000000084a00000, 0x0000000084b00000, 0x0000000084b00000|100%| O|  |TAMS 0x0000000084a00000, 0x0000000084b00000| Untracked 
|  75|0x0000000084b00000, 0x0000000084c00000, 0x0000000084c00000|100%| O|  |TAMS 0x0000000084b00000, 0x0000000084c00000| Untracked 
|  76|0x0000000084c00000, 0x0000000084d00000, 0x0000000084d00000|100%| O|  |TAMS 0x0000000084c00000, 0x0000000084d00000| Untracked 
|  77|0x0000000084d00000, 0x0000000084df0600, 0x0000000084e00000| 93%| O|  |TAMS 0x0000000084d00000, 0x0000000084df0600| Untracked 
|  78|0x0000000084e00000, 0x0000000084e00000, 0x0000000084f00000|  0%| F|  |TAMS 0x0000000084e00000, 0x0000000084e00000| Untracked 
|  79|0x0000000084f00000, 0x0000000084f00000, 0x0000000085000000|  0%| F|  |TAMS 0x0000000084f00000, 0x0000000084f00000| Untracked 
|  80|0x0000000085000000, 0x0000000085000000, 0x0000000085100000|  0%| F|  |TAMS 0x0000000085000000, 0x0000000085000000| Untracked 
|  81|0x0000000085100000, 0x0000000085100000, 0x0000000085200000|  0%| F|  |TAMS 0x0000000085100000, 0x0000000085100000| Untracked 
|  82|0x0000000085200000, 0x0000000085200000, 0x0000000085300000|  0%| F|  |TAMS 0x0000000085200000, 0x0000000085200000| Untracked 
|  83|0x0000000085300000, 0x0000000085300000, 0x0000000085400000|  0%| F|  |TAMS 0x0000000085300000, 0x0000000085300000| Untracked 
|  84|0x0000000085400000, 0x0000000085400000, 0x0000000085500000|  0%| F|  |TAMS 0x0000000085400000, 0x0000000085400000| Untracked 
|  85|0x0000000085500000, 0x0000000085500000, 0x0000000085600000|  0%| F|  |TAMS 0x0000000085500000, 0x0000000085500000| Untracked 
|  86|0x0000000085600000, 0x0000000085600000, 0x0000000085700000|  0%| F|  |TAMS 0x0000000085600000, 0x0000000085600000| Untracked 
|  87|0x0000000085700000, 0x0000000085700000, 0x0000000085800000|  0%| F|  |TAMS 0x0000000085700000, 0x0000000085700000| Untracked 
|  88|0x0000000085800000, 0x0000000085800000, 0x0000000085900000|  0%| F|  |TAMS 0x0000000085800000, 0x0000000085800000| Untracked 
|  89|0x0000000085900000, 0x0000000085900000, 0x0000000085a00000|  0%| F|  |TAMS 0x0000000085900000, 0x0000000085900000| Untracked 
|  90|0x0000000085a00000, 0x0000000085a00000, 0x0000000085b00000|  0%| F|  |TAMS 0x0000000085a00000, 0x0000000085a00000| Untracked 
|  91|0x0000000085b00000, 0x0000000085b00000, 0x0000000085c00000|  0%| F|  |TAMS 0x0000000085b00000, 0x0000000085b00000| Untracked 
|  92|0x0000000085c00000, 0x0000000085c00000, 0x0000000085d00000|  0%| F|  |TAMS 0x0000000085c00000, 0x0000000085c00000| Untracked 
|  93|0x0000000085d00000, 0x0000000085d00000, 0x0000000085e00000|  0%| F|  |TAMS 0x0000000085d00000, 0x0000000085d00000| Untracked 
|  94|0x0000000085e00000, 0x0000000085e00000, 0x0000000085f00000|  0%| F|  |TAMS 0x0000000085e00000, 0x0000000085e00000| Untracked 
|  95|0x0000000085f00000, 0x0000000085f00000, 0x0000000086000000|  0%| F|  |TAMS 0x0000000085f00000, 0x0000000085f00000| Untracked 
|  96|0x0000000086000000, 0x00000000860080b0, 0x0000000086100000|  3%| S|CS|TAMS 0x0000000086000000, 0x0000000086000000| Complete 
|  97|0x0000000086100000, 0x0000000086200000, 0x0000000086200000|100%| S|CS|TAMS 0x0000000086100000, 0x0000000086100000| Complete 
|  98|0x0000000086200000, 0x0000000086300000, 0x0000000086300000|100%| S|CS|TAMS 0x0000000086200000, 0x0000000086200000| Complete 
|  99|0x0000000086300000, 0x0000000086400000, 0x0000000086400000|100%| S|CS|TAMS 0x0000000086300000, 0x0000000086300000| Complete 
| 100|0x0000000086400000, 0x0000000086400000, 0x0000000086500000|  0%| F|  |TAMS 0x0000000086400000, 0x0000000086400000| Untracked 
| 101|0x0000000086500000, 0x0000000086500000, 0x0000000086600000|  0%| F|  |TAMS 0x0000000086500000, 0x0000000086500000| Untracked 
| 102|0x0000000086600000, 0x0000000086600000, 0x0000000086700000|  0%| F|  |TAMS 0x0000000086600000, 0x0000000086600000| Untracked 
| 103|0x0000000086700000, 0x0000000086700000, 0x0000000086800000|  0%| F|  |TAMS 0x0000000086700000, 0x0000000086700000| Untracked 
| 104|0x0000000086800000, 0x0000000086800000, 0x0000000086900000|  0%| F|  |TAMS 0x0000000086800000, 0x0000000086800000| Untracked 
| 105|0x0000000086900000, 0x0000000086900000, 0x0000000086a00000|  0%| F|  |TAMS 0x0000000086900000, 0x0000000086900000| Untracked 
| 106|0x0000000086a00000, 0x0000000086a00000, 0x0000000086b00000|  0%| F|  |TAMS 0x0000000086a00000, 0x0000000086a00000| Untracked 
| 107|0x0000000086b00000, 0x0000000086b00000, 0x0000000086c00000|  0%| F|  |TAMS 0x0000000086b00000, 0x0000000086b00000| Untracked 
| 108|0x0000000086c00000, 0x0000000086c00000, 0x0000000086d00000|  0%| F|  |TAMS 0x0000000086c00000, 0x0000000086c00000| Untracked 
| 109|0x0000000086d00000, 0x0000000086d00000, 0x0000000086e00000|  0%| F|  |TAMS 0x0000000086d00000, 0x0000000086d00000| Untracked 
| 110|0x0000000086e00000, 0x0000000086e00000, 0x0000000086f00000|  0%| F|  |TAMS 0x0000000086e00000, 0x0000000086e00000| Untracked 
| 111|0x0000000086f00000, 0x0000000086f00000, 0x0000000087000000|  0%| F|  |TAMS 0x0000000086f00000, 0x0000000086f00000| Untracked 
| 112|0x0000000087000000, 0x0000000087000000, 0x0000000087100000|  0%| F|  |TAMS 0x0000000087000000, 0x0000000087000000| Untracked 
| 113|0x0000000087100000, 0x0000000087100000, 0x0000000087200000|  0%| F|  |TAMS 0x0000000087100000, 0x0000000087100000| Untracked 
| 114|0x0000000087200000, 0x0000000087200000, 0x0000000087300000|  0%| F|  |TAMS 0x0000000087200000, 0x0000000087200000| Untracked 
| 115|0x0000000087300000, 0x0000000087300000, 0x0000000087400000|  0%| F|  |TAMS 0x0000000087300000, 0x0000000087300000| Untracked 
| 116|0x0000000087400000, 0x0000000087400000, 0x0000000087500000|  0%| F|  |TAMS 0x0000000087400000, 0x0000000087400000| Untracked 
| 117|0x0000000087500000, 0x0000000087500000, 0x0000000087600000|  0%| F|  |TAMS 0x0000000087500000, 0x0000000087500000| Untracked 
| 118|0x0000000087600000, 0x0000000087600000, 0x0000000087700000|  0%| F|  |TAMS 0x0000000087600000, 0x0000000087600000| Untracked 
| 119|0x0000000087700000, 0x0000000087700000, 0x0000000087800000|  0%| F|  |TAMS 0x0000000087700000, 0x0000000087700000| Untracked 
| 120|0x0000000087800000, 0x0000000087800000, 0x0000000087900000|  0%| F|  |TAMS 0x0000000087800000, 0x0000000087800000| Untracked 
| 121|0x0000000087900000, 0x0000000087900000, 0x0000000087a00000|  0%| F|  |TAMS 0x0000000087900000, 0x0000000087900000| Untracked 
| 122|0x0000000087a00000, 0x0000000087a00000, 0x0000000087b00000|  0%| F|  |TAMS 0x0000000087a00000, 0x0000000087a00000| Untracked 
| 123|0x0000000087b00000, 0x0000000087b00000, 0x0000000087c00000|  0%| F|  |TAMS 0x0000000087b00000, 0x0000000087b00000| Untracked 
| 124|0x0000000087c00000, 0x0000000087c00000, 0x0000000087d00000|  0%| F|  |TAMS 0x0000000087c00000, 0x0000000087c00000| Untracked 
| 125|0x0000000087d00000, 0x0000000087d00000, 0x0000000087e00000|  0%| F|  |TAMS 0x0000000087d00000, 0x0000000087d00000| Untracked 
| 126|0x0000000087e00000, 0x0000000087e00000, 0x0000000087f00000|  0%| F|  |TAMS 0x0000000087e00000, 0x0000000087e00000| Untracked 
| 127|0x0000000087f00000, 0x0000000088000000, 0x0000000088000000|100%| E|  |TAMS 0x0000000087f00000, 0x0000000087f00000| Complete 

Card table byte_map: [0x0000025b7a6b0000,0x0000025b7aab0000] _byte_map_base: 0x0000025b7a2b0000

Marking Bits (Prev, Next): (CMBitMap*) 0x0000025b7696c170, (CMBitMap*) 0x0000025b7696c138
 Prev Bits: [0x0000025b7ceb0000, 0x0000025b7eeb0000)
 Next Bits: [0x0000025b7aeb0000, 0x0000025b7ceb0000)

Polling page: 0x0000025b76110000

Metaspace:

Usage:
  Non-class:     69.41 MB capacity,    68.13 MB ( 98%) used,     1.11 MB (  2%) free+waste,   181.56 KB ( <1%) overhead. 
      Class:     10.88 MB capacity,    10.26 MB ( 94%) used,   558.17 KB (  5%) free+waste,    84.31 KB ( <1%) overhead. 
       Both:     80.30 MB capacity,    78.38 MB ( 98%) used,     1.65 MB (  2%) free+waste,   265.88 KB ( <1%) overhead. 

Virtual space:
  Non-class space:       70.00 MB reserved,      69.62 MB (>99%) committed 
      Class space:        1.00 GB reserved,      11.00 MB (  1%) committed 
             Both:        1.07 GB reserved,      80.62 MB (  7%) committed 

Chunk freelists:
   Non-Class:  20.00 KB
       Class:  23.00 KB
        Both:  43.00 KB

MaxMetaspaceSize: 17179869184.00 GB
CompressedClassSpaceSize: 1.00 GB

CodeHeap 'non-profiled nmethods': size=120064Kb used=5022Kb max_used=5022Kb free=115042Kb
 bounds [0x0000025b07ac0000, 0x0000025b07fb0000, 0x0000025b0f000000]
CodeHeap 'profiled nmethods': size=120000Kb used=15968Kb max_used=15968Kb free=104031Kb
 bounds [0x0000025b00590000, 0x0000025b01530000, 0x0000025b07ac0000]
CodeHeap 'non-nmethods': size=5696Kb used=2255Kb max_used=2295Kb free=3440Kb
 bounds [0x0000025b00000000, 0x0000025b00270000, 0x0000025b00590000]
 total_blobs=8105 nmethods=7256 adapters=760
 compilation: enabled
              stopped_count=0, restarted_count=0
 full_count=0

Compilation events (20 events):
Event: 112.246 Thread 0x0000025b7f3ab000 7501       4       java.util.regex.Pattern$NotBehind::match (137 bytes)
Event: 112.247 Thread 0x0000025b13a6d800 7502       4       java.util.regex.Pattern$BmpCharPropertyGreedy::match (89 bytes)
Event: 112.252 Thread 0x0000025b7f3b2000 7503       3       jdk.internal.reflect.UnsafeObjectFieldAccessorImpl::set (56 bytes)
Event: 112.252 Thread 0x0000025b13a6d800 nmethod 7502 0x0000025b07fa4d10 code [0x0000025b07fa4ee0, 0x0000025b07fa5208]
Event: 112.252 Thread 0x0000025b13a6d800 7500       4       java.util.regex.Pattern$Behind::match (137 bytes)
Event: 112.253 Thread 0x0000025b7f3b2000 nmethod 7503 0x0000025b01528f90 code [0x0000025b015292a0, 0x0000025b0152a588]
Event: 112.253 Thread 0x0000025b7f3b2000 7504       1       com.sun.org.apache.xerces.internal.impl.XMLDocumentFragmentScannerImpl::setScannerState (6 bytes)
Event: 112.253 Thread 0x0000025b7f3b2000 nmethod 7504 0x0000025b07fa5410 code [0x0000025b07fa55c0, 0x0000025b07fa5678]
Event: 112.253 Thread 0x0000025b7f3b2000 7505       3       java.util.logging.Logger::isLoggable (27 bytes)
Event: 112.253 Thread 0x0000025b7f3b2000 nmethod 7505 0x0000025b0152ab90 code [0x0000025b0152ad40, 0x0000025b0152aef8]
Event: 112.254 Thread 0x0000025b7f3ab000 nmethod 7501 0x0000025b07fa5710 code [0x0000025b07fa5900, 0x0000025b07fa5d88]
Event: 112.254 Thread 0x0000025b7f3ab000 7499       4       java.util.regex.CharPredicates$$Lambda$316/0x0000000100620440::is (5 bytes)
Event: 112.255 Thread 0x0000025b7f3ab000 nmethod 7499 0x0000025b07fa6210 code [0x0000025b07fa63a0, 0x0000025b07fa6478]
Event: 112.260 Thread 0x0000025b13a6d800 nmethod 7500 0x0000025b07fa6590 code [0x0000025b07fa6780, 0x0000025b07fa6d28]
Event: 112.278 Thread 0x0000025b7f3b2000 7506       1       com.sun.org.apache.xerces.internal.utils.XMLSecurityManager$Limit::systemProperty (5 bytes)
Event: 112.278 Thread 0x0000025b7f3b2000 nmethod 7506 0x0000025b07fa7210 code [0x0000025b07fa73c0, 0x0000025b07fa7478]
Event: 112.278 Thread 0x0000025b7f3b2000 7507       1       com.sun.org.apache.xerces.internal.util.Status::isExceptional (5 bytes)
Event: 112.279 Thread 0x0000025b7f3b2000 nmethod 7507 0x0000025b07fa7510 code [0x0000025b07fa76c0, 0x0000025b07fa7778]
Event: 112.314 Thread 0x0000025b7f3b2000 7508       3       com.sun.org.apache.xerces.internal.impl.XMLEntityScanner::checkEntityLimit (50 bytes)
Event: 112.314 Thread 0x0000025b7f3b2000 nmethod 7508 0x0000025b0152b010 code [0x0000025b0152b200, 0x0000025b0152b618]

GC Heap History (20 events):
Event: 91.550 GC heap before
{Heap before GC invocations=16 (full 0):
 garbage-first heap   total 131072K, used 90921K [0x0000000080000000, 0x0000000100000000)
  region size 1024K, 29 young (29696K), 2 survivors (2048K)
 Metaspace       used 58208K, capacity 59859K, committed 59940K, reserved 1101824K
  class space    used 7406K, capacity 7930K, committed 7936K, reserved 1048576K
}
Event: 91.557 GC heap after
{Heap after GC invocations=17 (full 0):
 garbage-first heap   total 131072K, used 66493K [0x0000000080000000, 0x0000000100000000)
  region size 1024K, 4 young (4096K), 4 survivors (4096K)
 Metaspace       used 58208K, capacity 59859K, committed 59940K, reserved 1101824K
  class space    used 7406K, capacity 7930K, committed 7936K, reserved 1048576K
}
Event: 92.454 GC heap before
{Heap before GC invocations=18 (full 0):
 garbage-first heap   total 131072K, used 83901K [0x0000000080000000, 0x0000000100000000)
  region size 1024K, 22 young (22528K), 4 survivors (4096K)
 Metaspace       used 59977K, capacity 61601K, committed 61820K, reserved 1103872K
  class space    used 7622K, capacity 8163K, committed 8192K, reserved 1048576K
}
Event: 92.462 GC heap after
{Heap after GC invocations=19 (full 0):
 garbage-first heap   total 131072K, used 68144K [0x0000000080000000, 0x0000000100000000)
  region size 1024K, 5 young (5120K), 5 survivors (5120K)
 Metaspace       used 59977K, capacity 61601K, committed 61820K, reserved 1103872K
  class space    used 7622K, capacity 8163K, committed 8192K, reserved 1048576K
}
Event: 93.994 GC heap before
{Heap before GC invocations=20 (full 0):
 garbage-first heap   total 131072K, used 97840K [0x0000000080000000, 0x0000000100000000)
  region size 1024K, 34 young (34816K), 5 survivors (5120K)
 Metaspace       used 61087K, capacity 62845K, committed 63100K, reserved 1103872K
  class space    used 7773K, capacity 8337K, committed 8448K, reserved 1048576K
}
Event: 94.006 GC heap after
{Heap after GC invocations=21 (full 0):
 garbage-first heap   total 131072K, used 70817K [0x0000000080000000, 0x0000000100000000)
  region size 1024K, 5 young (5120K), 5 survivors (5120K)
 Metaspace       used 61087K, capacity 62845K, committed 63100K, reserved 1103872K
  class space    used 7773K, capacity 8337K, committed 8448K, reserved 1048576K
}
Event: 105.398 GC heap before
{Heap before GC invocations=21 (full 0):
 garbage-first heap   total 131072K, used 100513K [0x0000000080000000, 0x0000000100000000)
  region size 1024K, 34 young (34816K), 5 survivors (5120K)
 Metaspace       used 64962K, capacity 66659K, committed 66812K, reserved 1107968K
  class space    used 8422K, capacity 8989K, committed 9088K, reserved 1048576K
}
Event: 105.406 GC heap after
{Heap after GC invocations=22 (full 0):
 garbage-first heap   total 131072K, used 72161K [0x0000000080000000, 0x0000000100000000)
  region size 1024K, 2 young (2048K), 2 survivors (2048K)
 Metaspace       used 64962K, capacity 66659K, committed 66812K, reserved 1107968K
  class space    used 8422K, capacity 8989K, committed 9088K, reserved 1048576K
}
Event: 106.276 GC heap before
{Heap before GC invocations=23 (full 0):
 garbage-first heap   total 131072K, used 102881K [0x0000000080000000, 0x0000000100000000)
  region size 1024K, 32 young (32768K), 2 survivors (2048K)
 Metaspace       used 67509K, capacity 69238K, committed 69372K, reserved 1110016K
  class space    used 8783K, capacity 9333K, committed 9344K, reserved 1048576K
}
Event: 106.283 GC heap after
{Heap after GC invocations=24 (full 0):
 garbage-first heap   total 131072K, used 73734K [0x0000000080000000, 0x0000000100000000)
  region size 1024K, 4 young (4096K), 4 survivors (4096K)
 Metaspace       used 67509K, capacity 69238K, committed 69372K, reserved 1110016K
  class space    used 8783K, capacity 9333K, committed 9344K, reserved 1048576K
}
Event: 108.922 GC heap before
{Heap before GC invocations=24 (full 0):
 garbage-first heap   total 131072K, used 104454K [0x0000000080000000, 0x0000000100000000)
  region size 1024K, 34 young (34816K), 4 survivors (4096K)
 Metaspace       used 70399K, capacity 72284K, committed 72444K, reserved 1112064K
  class space    used 9104K, capacity 9743K, committed 9856K, reserved 1048576K
}
Event: 108.941 GC heap after
{Heap after GC invocations=25 (full 0):
 garbage-first heap   total 131072K, used 75738K [0x0000000080000000, 0x0000000100000000)
  region size 1024K, 4 young (4096K), 4 survivors (4096K)
 Metaspace       used 70399K, capacity 72284K, committed 72444K, reserved 1112064K
  class space    used 9104K, capacity 9743K, committed 9856K, reserved 1048576K
}
Event: 109.703 GC heap before
{Heap before GC invocations=26 (full 0):
 garbage-first heap   total 131072K, used 106458K [0x0000000080000000, 0x0000000100000000)
  region size 1024K, 34 young (34816K), 4 survivors (4096K)
 Metaspace       used 72572K, capacity 74432K, committed 74748K, reserved 1114112K
  class space    used 9405K, capacity 10027K, committed 10112K, reserved 1048576K
}
Event: 109.714 GC heap after
{Heap after GC invocations=27 (full 0):
 garbage-first heap   total 131072K, used 77693K [0x0000000080000000, 0x0000000100000000)
  region size 1024K, 4 young (4096K), 4 survivors (4096K)
 Metaspace       used 72572K, capacity 74432K, committed 74748K, reserved 1114112K
  class space    used 9405K, capacity 10027K, committed 10112K, reserved 1048576K
}
Event: 110.352 GC heap before
{Heap before GC invocations=27 (full 0):
 garbage-first heap   total 131072K, used 107389K [0x0000000080000000, 0x0000000100000000)
  region size 1024K, 33 young (33792K), 4 survivors (4096K)
 Metaspace       used 74182K, capacity 76079K, committed 76284K, reserved 1116160K
  class space    used 9662K, capacity 10288K, committed 10368K, reserved 1048576K
}
Event: 110.360 GC heap after
{Heap after GC invocations=28 (full 0):
 garbage-first heap   total 131072K, used 79731K [0x0000000080000000, 0x0000000100000000)
  region size 1024K, 4 young (4096K), 4 survivors (4096K)
 Metaspace       used 74182K, capacity 76079K, committed 76284K, reserved 1116160K
  class space    used 9662K, capacity 10288K, committed 10368K, reserved 1048576K
}
Event: 110.978 GC heap before
{Heap before GC invocations=29 (full 0):
 garbage-first heap   total 131072K, used 109427K [0x0000000080000000, 0x0000000100000000)
  region size 1024K, 33 young (33792K), 4 survivors (4096K)
 Metaspace       used 76340K, capacity 78336K, committed 78588K, reserved 1118208K
  class space    used 9961K, capacity 10605K, committed 10624K, reserved 1048576K
}
Event: 110.987 GC heap after
{Heap after GC invocations=30 (full 0):
 garbage-first heap   total 131072K, used 81743K [0x0000000080000000, 0x0000000100000000)
  region size 1024K, 4 young (4096K), 4 survivors (4096K)
 Metaspace       used 76340K, capacity 78336K, committed 78588K, reserved 1118208K
  class space    used 9961K, capacity 10605K, committed 10624K, reserved 1048576K
}
Event: 112.235 GC heap before
{Heap before GC invocations=30 (full 0):
 garbage-first heap   total 131072K, used 110415K [0x0000000080000000, 0x0000000100000000)
  region size 1024K, 32 young (32768K), 4 survivors (4096K)
 Metaspace       used 80170K, capacity 82193K, committed 82428K, reserved 1120256K
  class space    used 10493K, capacity 11113K, committed 11136K, reserved 1048576K
}
Event: 112.243 GC heap after
{Heap after GC invocations=31 (full 0):
 garbage-first heap   total 131072K, used 82913K [0x0000000080000000, 0x0000000100000000)
  region size 1024K, 4 young (4096K), 4 survivors (4096K)
 Metaspace       used 80170K, capacity 82193K, committed 82428K, reserved 1120256K
  class space    used 10493K, capacity 11113K, committed 11136K, reserved 1048576K
}

Deoptimization events (20 events):
Event: 111.387 Thread 0x0000025b11d2b000 Uncommon trap: trap_request=0xffffff4d fr.pc=0x0000025b07d50400 relative=0x00000000000008e0
Event: 111.387 Thread 0x0000025b11d2b000 Uncommon trap: reason=unstable_if action=reinterpret pc=0x0000025b07d50400 method=java.util.jar.JarFile.getVersionedEntry(Ljava/lang/String;Ljava/util/jar/JarEntry;)Ljava/util/jar/JarEntry; @ 67 c2
Event: 111.387 Thread 0x0000025b11d2b000 DEOPT PACKING pc=0x0000025b07d50400 sp=0x000000a004bf5900
Event: 111.387 Thread 0x0000025b11d2b000 DEOPT UNPACKING pc=0x0000025b000274af sp=0x000000a004bf5878 mode 2
Event: 111.825 Thread 0x0000025b11d2b000 Uncommon trap: trap_request=0xfffffff4 fr.pc=0x0000025b07f61738 relative=0x0000000000001bf8
Event: 111.825 Thread 0x0000025b11d2b000 Uncommon trap: reason=null_check action=make_not_entrant pc=0x0000025b07f61738 method=java.lang.Class.createAnnotationData(I)Ljava/lang/Class$AnnotationData; @ 14 c2
Event: 111.825 Thread 0x0000025b11d2b000 DEOPT PACKING pc=0x0000025b07f61738 sp=0x000000a004bf6250
Event: 111.825 Thread 0x0000025b11d2b000 DEOPT UNPACKING pc=0x0000025b000274af sp=0x000000a004bf61d0 mode 2
Event: 112.204 Thread 0x0000025b11d2b000 DEOPT PACKING pc=0x0000025b00f7df63 sp=0x000000a004bf7340
Event: 112.204 Thread 0x0000025b11d2b000 DEOPT UNPACKING pc=0x0000025b000272ce sp=0x000000a004bf67f0 mode 0
Event: 112.205 Thread 0x0000025b11d2b000 DEOPT PACKING pc=0x0000025b00f7df63 sp=0x000000a004bf7340
Event: 112.205 Thread 0x0000025b11d2b000 DEOPT UNPACKING pc=0x0000025b000272ce sp=0x000000a004bf67f0 mode 0
Event: 112.205 Thread 0x0000025b11d2b000 DEOPT PACKING pc=0x0000025b00f7df63 sp=0x000000a004bf7340
Event: 112.205 Thread 0x0000025b11d2b000 DEOPT UNPACKING pc=0x0000025b000272ce sp=0x000000a004bf67f0 mode 0
Event: 112.205 Thread 0x0000025b11d2b000 DEOPT PACKING pc=0x0000025b00f7df63 sp=0x000000a004bf7340
Event: 112.205 Thread 0x0000025b11d2b000 DEOPT UNPACKING pc=0x0000025b000272ce sp=0x000000a004bf67f0 mode 0
Event: 112.205 Thread 0x0000025b11d2b000 DEOPT PACKING pc=0x0000025b00f7df63 sp=0x000000a004bf7340
Event: 112.205 Thread 0x0000025b11d2b000 DEOPT UNPACKING pc=0x0000025b000272ce sp=0x000000a004bf67f0 mode 0
Event: 112.205 Thread 0x0000025b11d2b000 DEOPT PACKING pc=0x0000025b00f7df63 sp=0x000000a004bf7340
Event: 112.205 Thread 0x0000025b11d2b000 DEOPT UNPACKING pc=0x0000025b000272ce sp=0x000000a004bf67f0 mode 0

Classes redefined (0 events):
No events

Internal exceptions (20 events):
Event: 109.745 Thread 0x0000025b11d2b000 Exception <a 'java/lang/ClassNotFoundException'{0x0000000087ebfc38}: com/android/build/gradle/tasks/factory/AndroidUnitTestBeanInfo> (0x0000000087ebfc38) thrown at [./src/hotspot/share/classfile/systemDictionary.cpp, line 231]
Event: 109.746 Thread 0x0000025b11d2b000 Exception <a 'java/lang/ClassNotFoundException'{0x0000000087ed6b20}: org/gradle/api/tasks/testing/TestBeanInfo> (0x0000000087ed6b20) thrown at [./src/hotspot/share/classfile/systemDictionary.cpp, line 231]
Event: 109.747 Thread 0x0000025b11d2b000 Exception <a 'java/lang/ClassNotFoundException'{0x0000000087ef1cb8}: org/gradle/api/tasks/testing/AbstractTestTaskBeanInfo> (0x0000000087ef1cb8) thrown at [./src/hotspot/share/classfile/systemDictionary.cpp, line 231]
Event: 109.747 Thread 0x0000025b11d2b000 Exception <a 'java/lang/ClassNotFoundException'{0x0000000087d0cc10}: org/gradle/api/tasks/testing/AbstractTestTaskCustomizer> (0x0000000087d0cc10) thrown at [./src/hotspot/share/classfile/systemDictionary.cpp, line 231]
Event: 109.750 Thread 0x0000025b11d2b000 Exception <a 'java/lang/ClassNotFoundException'{0x0000000087d42da0}: org/gradle/api/tasks/testing/TestCustomizer> (0x0000000087d42da0) thrown at [./src/hotspot/share/classfile/systemDictionary.cpp, line 231]
Event: 109.755 Thread 0x0000025b11d2b000 Exception <a 'java/lang/ClassNotFoundException'{0x0000000087def1f0}: com/android/build/gradle/tasks/factory/AndroidUnitTestCustomizer> (0x0000000087def1f0) thrown at [./src/hotspot/share/classfile/systemDictionary.cpp, line 231]
Event: 109.757 Thread 0x0000025b11d2b000 Exception <a 'java/lang/ClassNotFoundException'{0x0000000087c1ff78}: com/android/build/gradle/tasks/factory/AndroidUnitTest_DecoratedCustomizer> (0x0000000087c1ff78) thrown at [./src/hotspot/share/classfile/systemDictionary.cpp, line 231]
Event: 109.900 Thread 0x0000025b11d2b000 Exception <a 'java/lang/ClassNotFoundException'{0x00000000875517c8}: org/gradle/api/internal/tasks/DefaultSourceSetContainer_DecoratedBeanInfo> (0x00000000875517c8) thrown at [./src/hotspot/share/classfile/systemDictionary.cpp, line 231]
Event: 109.900 Thread 0x0000025b11d2b000 Exception <a 'java/lang/ClassNotFoundException'{0x000000008756cde8}: org/gradle/api/internal/tasks/DefaultSourceSetContainerBeanInfo> (0x000000008756cde8) thrown at [./src/hotspot/share/classfile/systemDictionary.cpp, line 231]
Event: 109.901 Thread 0x0000025b11d2b000 Exception <a 'java/lang/ClassNotFoundException'{0x0000000087587488}: org/gradle/api/internal/tasks/DefaultSourceSetContainerCustomizer> (0x0000000087587488) thrown at [./src/hotspot/share/classfile/systemDictionary.cpp, line 231]
Event: 109.902 Thread 0x0000025b11d2b000 Exception <a 'java/lang/ClassNotFoundException'{0x00000000875afc50}: org/gradle/api/internal/tasks/DefaultSourceSetContainer_DecoratedCustomizer> (0x00000000875afc50) thrown at [./src/hotspot/share/classfile/systemDictionary.cpp, line 231]
Event: 110.285 Thread 0x0000025b11d2b000 Exception <a 'java/lang/NoSuchMethodError'{0x00000000866a5328}: 'java.lang.Object java.lang.invoke.Invokers$Holder.linkToTargetMethod(java.lang.Object, int, int, java.lang.Object)'> (0x00000000866a5328) thrown at [./src/hotspot/share/interpreter/linkResolver.cpp, line 773]
Event: 110.724 Thread 0x0000025b11d2b000 Implicit null exception at 0x0000025b07f64fce to 0x0000025b07f65744
Event: 110.912 Thread 0x0000025b11d2b000 Implicit null exception at 0x0000025b07f79c08 to 0x0000025b07f7a23c
Event: 110.973 Thread 0x0000025b11d2b000 Implicit null exception at 0x0000025b07f7e433 to 0x0000025b07f7ead8
Event: 111.001 Thread 0x0000025b11d2b000 Implicit null exception at 0x0000025b07f86bb9 to 0x0000025b07f86cf1
Event: 111.155 Thread 0x0000025b11d2b000 Exception <a 'sun/nio/fs/WindowsException'{0x0000000087d6b148}> (0x0000000087d6b148) thrown at [./src/hotspot/share/prims/jni.cpp, line 615]
Event: 111.675 Thread 0x0000025b11d2b000 Exception <a 'java/lang/NullPointerException'{0x00000000874962c0}> (0x00000000874962c0) thrown at [./src/hotspot/share/interpreter/linkResolver.cpp, line 1440]
Event: 111.825 Thread 0x0000025b11d2b000 Implicit null exception at 0x0000025b07f5fbe9 to 0x0000025b07f6172c
Event: 112.169 Thread 0x0000025b11d2b000 Exception <a 'java/lang/NoSuchMethodError'{0x00000000864495c0}: 'int java.lang.invoke.DirectMethodHandle$Holder.invokeStatic(java.lang.Object, java.lang.Object, int, java.lang.Object)'> (0x00000000864495c0) thrown at [./src/hotspot/share/interpreter/linkResolver.cpp, line 773]

Events (20 events):
Event: 112.249 loading class javax/xml/datatype/DatatypeConfigurationException done
Event: 112.250 loading class com/sun/xml/bind/v2/runtime/unmarshaller/DefaultIDResolver$1
Event: 112.250 loading class com/sun/xml/bind/v2/runtime/unmarshaller/DefaultIDResolver$1 done
Event: 112.254 loading class com/sun/org/apache/xerces/internal/impl/io/MalformedByteSequenceException
Event: 112.254 loading class com/sun/org/apache/xerces/internal/impl/io/MalformedByteSequenceException done
Event: 112.254 loading class com/android/sdklib/BuildToolInfo$PathId
Event: 112.254 loading class com/android/sdklib/BuildToolInfo$PathId done
Event: 112.257 loading class java/util/EnumMap$EntrySet
Event: 112.257 loading class java/util/EnumMap$EntrySet done
Event: 112.257 loading class java/util/EnumMap$EntryIterator
Event: 112.257 loading class java/util/EnumMap$EnumMapIterator
Event: 112.257 loading class java/util/EnumMap$EnumMapIterator done
Event: 112.257 loading class java/util/EnumMap$EntryIterator done
Event: 112.257 loading class java/util/EnumMap$EntryIterator$Entry
Event: 112.257 loading class java/util/EnumMap$EntryIterator$Entry done
Event: 112.259 loading class com/android/build/gradle/internal/PlatformComponents
Event: 112.259 loading class com/android/build/gradle/internal/PlatformComponents done
Event: 112.259 loading class com/android/build/gradle/internal/PlatformComponents$Companion
Event: 112.259 loading class com/android/build/gradle/internal/PlatformComponents$Companion done
Event: 112.334 Executing VM operation: CGC_Operation


Dynamic libraries:
0x00007ff625ab0000 - 0x00007ff625aba000 	C:\Program Files\Android\Android Studio\jre\bin\java.exe
0x00007fff7a7f0000 - 0x00007fff7a9e8000 	C:\WINDOWS\SYSTEM32\ntdll.dll
0x00007fff7a5b0000 - 0x00007fff7a66d000 	C:\WINDOWS\System32\KERNEL32.DLL
0x00007fff78300000 - 0x00007fff785ce000 	C:\WINDOWS\System32\KERNELBASE.dll
0x00007fff785d0000 - 0x00007fff786d0000 	C:\WINDOWS\System32\ucrtbase.dll
0x00007fff6da80000 - 0x00007fff6da99000 	C:\Program Files\Android\Android Studio\jre\bin\jli.dll
0x00007fff69820000 - 0x00007fff69837000 	C:\Program Files\Android\Android Studio\jre\bin\VCRUNTIME140.dll
0x00007fff78e10000 - 0x00007fff78fb0000 	C:\WINDOWS\System32\USER32.dll
0x00007fff78760000 - 0x00007fff78782000 	C:\WINDOWS\System32\win32u.dll
0x00007fff772c0000 - 0x00007fff7755a000 	C:\WINDOWS\WinSxS\amd64_microsoft.windows.common-controls_6595b64144ccf1df_6.0.19041.1110_none_60b5254171f9507e\COMCTL32.dll
0x00007fff79fa0000 - 0x00007fff79fca000 	C:\WINDOWS\System32\GDI32.dll
0x00007fff78a00000 - 0x00007fff78a9e000 	C:\WINDOWS\System32\msvcrt.dll
0x00007fff77f10000 - 0x00007fff7801b000 	C:\WINDOWS\System32\gdi32full.dll
0x00007fff78180000 - 0x00007fff7821d000 	C:\WINDOWS\System32\msvcp_win.dll
0x00007fff7a460000 - 0x00007fff7a490000 	C:\WINDOWS\System32\IMM32.DLL
0x00007fff4f570000 - 0x00007fff4f60d000 	C:\Program Files\Android\Android Studio\jre\bin\msvcp140.dll
0x00007fff220f0000 - 0x00007fff22bac000 	C:\Program Files\Android\Android Studio\jre\bin\server\jvm.dll
0x00007fff79010000 - 0x00007fff790be000 	C:\WINDOWS\System32\ADVAPI32.dll
0x00007fff79fd0000 - 0x00007fff7a06c000 	C:\WINDOWS\System32\sechost.dll
0x00007fff7a1a0000 - 0x00007fff7a2c5000 	C:\WINDOWS\System32\RPCRT4.dll
0x00007fff78aa0000 - 0x00007fff78aa8000 	C:\WINDOWS\System32\PSAPI.DLL
0x00007fff60020000 - 0x00007fff60029000 	C:\WINDOWS\SYSTEM32\WSOCK32.dll
0x00007fff6f2d0000 - 0x00007fff6f2f7000 	C:\WINDOWS\SYSTEM32\WINMM.dll
0x00007fff7a330000 - 0x00007fff7a39b000 	C:\WINDOWS\System32\WS2_32.dll
0x00007fff6cd40000 - 0x00007fff6cd4a000 	C:\WINDOWS\SYSTEM32\VERSION.dll
0x00007fff757e0000 - 0x00007fff757f2000 	C:\WINDOWS\SYSTEM32\kernel.appcore.dll
0x00007fff6da60000 - 0x00007fff6da71000 	C:\Program Files\Android\Android Studio\jre\bin\verify.dll
0x00007fff77920000 - 0x00007fff77b04000 	C:\WINDOWS\SYSTEM32\DBGHELP.DLL
0x00007fff77670000 - 0x00007fff7769c000 	C:\WINDOWS\SYSTEM32\dbgcore.DLL
0x00007fff786d0000 - 0x00007fff78752000 	C:\WINDOWS\System32\bcryptPrimitives.dll
0x00007fff697f0000 - 0x00007fff69819000 	C:\Program Files\Android\Android Studio\jre\bin\java.dll
0x00007fff702f0000 - 0x00007fff702fb000 	C:\Program Files\Android\Android Studio\jre\bin\jimage.dll
0x00007fff6db20000 - 0x00007fff6db38000 	C:\Program Files\Android\Android Studio\jre\bin\zip.dll
0x00007fff793d0000 - 0x00007fff79b14000 	C:\WINDOWS\System32\SHELL32.dll
0x00007fff759e0000 - 0x00007fff76174000 	C:\WINDOWS\SYSTEM32\windows.storage.dll
0x00007fff78ab0000 - 0x00007fff78e04000 	C:\WINDOWS\System32\combase.dll
0x00007fff77290000 - 0x00007fff772c0000 	C:\WINDOWS\SYSTEM32\Wldp.dll
0x00007fff79250000 - 0x00007fff792fd000 	C:\WINDOWS\System32\SHCORE.dll
0x00007fff7a2d0000 - 0x00007fff7a325000 	C:\WINDOWS\System32\shlwapi.dll
0x00007fff77e50000 - 0x00007fff77e6f000 	C:\WINDOWS\SYSTEM32\profapi.dll
0x00007fff6db00000 - 0x00007fff6db1a000 	C:\Program Files\Android\Android Studio\jre\bin\net.dll
0x00007fff6f820000 - 0x00007fff6f92a000 	C:\WINDOWS\SYSTEM32\WINHTTP.dll
0x00007fff76f70000 - 0x00007fff76fda000 	C:\WINDOWS\system32\mswsock.dll
0x00007fff697d0000 - 0x00007fff697e4000 	C:\Program Files\Android\Android Studio\jre\bin\nio.dll
0x00007fff60a10000 - 0x00007fff60a37000 	C:\Users\CRIMSON\.gradle\native\fdc75f09e3144964f2cf3f50f0aa648679c211496f362492102eb8c894070792\windows-amd64\native-platform.dll
0x00007fff259b0000 - 0x00007fff25b46000 	C:\Users\CRIMSON\.gradle\native\12488b8bf47d2d4c9fbf2f6322a914ad602e24e48041cd04a747c6da556b65c4\windows-amd64\native-platform-file-events.dll
0x00007fff6daf0000 - 0x00007fff6dafa000 	C:\Program Files\Android\Android Studio\jre\bin\management.dll
0x00007fff6da50000 - 0x00007fff6da5c000 	C:\Program Files\Android\Android Studio\jre\bin\management_ext.dll
0x00007fff77bd0000 - 0x00007fff77be8000 	C:\WINDOWS\SYSTEM32\CRYPTSP.dll
0x00007fff76920000 - 0x00007fff76954000 	C:\WINDOWS\system32\rsaenh.dll
0x00007fff782d0000 - 0x00007fff782f7000 	C:\WINDOWS\System32\bcrypt.dll
0x00007fff77da0000 - 0x00007fff77dce000 	C:\WINDOWS\SYSTEM32\USERENV.dll
0x00007fff771b0000 - 0x00007fff771bc000 	C:\WINDOWS\SYSTEM32\CRYPTBASE.dll
0x00007fff76c70000 - 0x00007fff76cab000 	C:\WINDOWS\SYSTEM32\IPHLPAPI.DLL
0x00007fff7a450000 - 0x00007fff7a458000 	C:\WINDOWS\System32\NSI.dll
0x00007fff70c40000 - 0x00007fff70c57000 	C:\WINDOWS\SYSTEM32\dhcpcsvc6.DLL
0x00007fff71340000 - 0x00007fff7135d000 	C:\WINDOWS\SYSTEM32\dhcpcsvc.DLL
0x00007fff76d00000 - 0x00007fff76dca000 	C:\WINDOWS\SYSTEM32\DNSAPI.dll
0x00007fff71430000 - 0x00007fff7143b000 	C:\WINDOWS\SYSTEM32\WINNSI.DLL

dbghelp: loaded successfully - version: 4.0.5 - missing functions: none
symbol engine: initialized successfully - sym options: 0x614 - pdb path: .;C:\Program Files\Android\Android Studio\jre\bin;C:\WINDOWS\SYSTEM32;C:\WINDOWS\WinSxS\amd64_microsoft.windows.common-controls_6595b64144ccf1df_6.0.19041.1110_none_60b5254171f9507e;C:\Program Files\Android\Android Studio\jre\bin\server;C:\Users\CRIMSON\.gradle\native\fdc75f09e3144964f2cf3f50f0aa648679c211496f362492102eb8c894070792\windows-amd64;C:\Users\CRIMSON\.gradle\native\12488b8bf47d2d4c9fbf2f6322a914ad602e24e48041cd04a747c6da556b65c4\windows-amd64

VM Arguments:
jvm_args: --add-opens=java.base/java.util=ALL-UNNAMED --add-opens=java.base/java.lang=ALL-UNNAMED --add-opens=java.base/java.lang.invoke=ALL-UNNAMED --add-opens=java.prefs/java.util.prefs=ALL-UNNAMED -Xmx2048m -Dfile.encoding=UTF-8 -Duser.country=US -Duser.language=en -Duser.variant 
java_command: org.gradle.launcher.daemon.bootstrap.GradleDaemon 6.7.1
java_class_path (initial): C:\Users\CRIMSON\.gradle\wrapper\dists\gradle-6.7.1-bin\bwlcbys1h7rz3272sye1xwiv6\gradle-6.7.1\lib\gradle-launcher-6.7.1.jar
Launcher Type: SUN_STANDARD

[Global flags]
     intx CICompilerCount                          = 3                                         {product} {ergonomic}
     uint ConcGCThreads                            = 1                                         {product} {ergonomic}
     uint G1ConcRefinementThreads                  = 4                                         {product} {ergonomic}
   size_t G1HeapRegionSize                         = 1048576                                   {product} {ergonomic}
    uintx GCDrainStackTargetSize                   = 64                                        {product} {ergonomic}
   size_t InitialHeapSize                          = 134217728                                 {product} {ergonomic}
   size_t MarkStackSize                            = 4194304                                   {product} {ergonomic}
   size_t MaxHeapSize                              = 2147483648                                {product} {command line}
   size_t MaxNewSize                               = 1287651328                                {product} {ergonomic}
   size_t MinHeapDeltaBytes                        = 1048576                                   {product} {ergonomic}
    uintx NonNMethodCodeHeapSize                   = 5830732                                {pd product} {ergonomic}
    uintx NonProfiledCodeHeapSize                  = 122913754                              {pd product} {ergonomic}
    uintx ProfiledCodeHeapSize                     = 122913754                              {pd product} {ergonomic}
    uintx ReservedCodeCacheSize                    = 251658240                              {pd product} {ergonomic}
     bool SegmentedCodeCache                       = true                                      {product} {ergonomic}
     bool UseCompressedClassPointers               = true                                 {lp64_product} {ergonomic}
     bool UseCompressedOops                        = true                                 {lp64_product} {ergonomic}
     bool UseG1GC                                  = true                                      {product} {ergonomic}
     bool UseLargePagesIndividualAllocation        = false                                  {pd product} {ergonomic}

Logging:
Log output configuration:
 #0: stdout all=warning uptime,level,tags
 #1: stderr all=off uptime,level,tags

Environment Variables:
PATH=C:\Program Files (x86)\Common Files\Oracle\Java\javapath;C:\WINDOWS\system32;C:\WINDOWS;C:\WINDOWS\System32\Wbem;C:\WINDOWS\System32\WindowsPowerShell\v1.0\;C:\WINDOWS\System32\OpenSSH\;C:\Program Files (x86)\Microsoft SQL Server\80\Tools\BINN;C:\Program Files\Java\jdk1.8.0_221\bin;C:\Program Files\Git\cmd;C:\Program Files\Microsoft SQL Server\Client SDK\ODBC\170\Tools\Binn\;C:\Program Files (x86)\Microsoft SQL Server\150\Tools\Binn\;C:\Program Files\Microsoft SQL Server\150\Tools\Binn\;C:\Program Files (x86)\Microsoft SQL Server\150\DTS\Binn\;C:\Program Files\Microsoft SQL Server\150\DTS\Binn\;C:\xampp\php;C:\composer;C:\Program Files\nodejs\;C:\Program Files\MongoDB\Server\5.0\bin;C:\Python34\Scripts;C:\Python34;C:\Users\CRIMSON\AppData\Local\Programs\Python\Python310-32\Scripts\;C:\Users\CRIMSON\AppData\Local\Programs\Python\Python310-32\;C:\Users\CRIMSON\AppData\Local\Programs\Python\Python36\Scripts\;C:\Users\CRIMSON\AppData\Local\Programs\Python\Python36\;C:\Users\CRIMSON\AppData\Local\Microsoft\WindowsApps;C:\Users\CRIMSON\AppData\Local\Programs\Microsoft VS Code\bin;C:\Program Files\Azure Data Studio\bin;C:\Users\CRIMSON\AppData\Roaming\Composer\vendor\bin;C:\src\flutter\bin;C:\Users\CRIMSON\AppData\Roaming\npm;C:\Program Files\heroku\bin;C:\Users\CRIMSON\AppData\Local\GitHubDesktop\bin;C:\Users\CRIMSON\AppData\Local\Programs\Python\Python36\Lib\site-packages;
USERNAME=CRIMSON
OS=Windows_NT
PROCESSOR_IDENTIFIER=Intel64 Family 6 Model 60 Stepping 3, GenuineIntel



---------------  S Y S T E M  ---------------

OS: Windows 10 , 64 bit Build 19041 (10.0.19041.1889)
OS uptime: 7 days 1:17 hours

CPU:total 4 (initial active 4) (2 cores per cpu, 2 threads per core) family 6 model 60 stepping 3, cmov, cx8, fxsr, mmx, sse, sse2, sse3, ssse3, sse4.1, sse4.2, popcnt, avx, avx2, aes, clmul, erms, lzcnt, ht, tsc, tscinvbit, bmi1, bmi2, fma

Memory: 4k page, system-wide physical 8070M (673M free)
TotalPageFile size 13720M (AvailPageFile size 2015M)
current process WorkingSet (physical memory assigned to process): 325M, peak: 353M
current process commit charge ("private bytes"): 365M, peak: 389M

vm_info: OpenJDK 64-Bit Server VM (11.0.8+10-b944.6842174) for windows-amd64 JRE (11.0.8+10-b944.6842174), built on Sep 19 2020 01:11:42 by "builder" with MS VC++ 14.0 (VS2015)

END.
